[0.330s] Invoking command in '/home/qian/chapter3/topic_ws/src/demo_python_topic': PYTHONPATH=/home/qian/chapter3/build/demo_python_topic/prefix_override:/usr/lib/python3/dist-packages/colcon_core/task/python/colcon_distutils_commands:/home/qian/chapter3/install/demo_python_topic/lib/python3.10/site-packages:${PYTHONPATH} /usr/bin/python3 -W ignore:setup.py install is deprecated -W ignore:easy_install command is deprecated setup.py egg_info --egg-base ../../../build/demo_python_topic build --build-base /home/qian/chapter3/build/demo_python_topic/build install --record /home/qian/chapter3/build/demo_python_topic/install.log --single-version-externally-managed install_data
[0.460s] running egg_info
[0.460s] creating ../../../build/demo_python_topic/demo_python_topic.egg-info
[0.460s] writing ../../../build/demo_python_topic/demo_python_topic.egg-info/PKG-INFO
[0.460s] writing dependency_links to ../../../build/demo_python_topic/demo_python_topic.egg-info/dependency_links.txt
[0.460s] writing entry points to ../../../build/demo_python_topic/demo_python_topic.egg-info/entry_points.txt
[0.460s] writing requirements to ../../../build/demo_python_topic/demo_python_topic.egg-info/requires.txt
[0.460s] writing top-level names to ../../../build/demo_python_topic/demo_python_topic.egg-info/top_level.txt
[0.460s] writing manifest file '../../../build/demo_python_topic/demo_python_topic.egg-info/SOURCES.txt'
[0.461s] reading manifest file '../../../build/demo_python_topic/demo_python_topic.egg-info/SOURCES.txt'
[0.461s] adding license file 'LICENSE'
[0.461s] writing manifest file '../../../build/demo_python_topic/demo_python_topic.egg-info/SOURCES.txt'
[0.461s] running build
[0.462s] running build_py
[0.462s] creating /home/qian/chapter3/build/demo_python_topic/build
[0.462s] creating /home/qian/chapter3/build/demo_python_topic/build/lib
[0.462s] creating /home/qian/chapter3/build/demo_python_topic/build/lib/demo_python_topic
[0.462s] copying demo_python_topic/__init__.py -> /home/qian/chapter3/build/demo_python_topic/build/lib/demo_python_topic
[0.462s] copying demo_python_topic/novel_pub_node.py -> /home/qian/chapter3/build/demo_python_topic/build/lib/demo_python_topic
[0.462s] running install
[0.464s] running install_lib
[0.464s] creating /home/qian/chapter3/install/demo_python_topic/lib/python3.10/site-packages/demo_python_topic
[0.464s] copying /home/qian/chapter3/build/demo_python_topic/build/lib/demo_python_topic/__init__.py -> /home/qian/chapter3/install/demo_python_topic/lib/python3.10/site-packages/demo_python_topic
[0.464s] copying /home/qian/chapter3/build/demo_python_topic/build/lib/demo_python_topic/novel_pub_node.py -> /home/qian/chapter3/install/demo_python_topic/lib/python3.10/site-packages/demo_python_topic
[0.464s] byte-compiling /home/qian/chapter3/install/demo_python_topic/lib/python3.10/site-packages/demo_python_topic/__init__.py to __init__.cpython-310.pyc
[0.464s] byte-compiling /home/qian/chapter3/install/demo_python_topic/lib/python3.10/site-packages/demo_python_topic/novel_pub_node.py to novel_pub_node.cpython-310.pyc
[0.464s] running install_data
[0.464s] creating /home/qian/chapter3/install/demo_python_topic/share/ament_index
[0.464s] creating /home/qian/chapter3/install/demo_python_topic/share/ament_index/resource_index
[0.464s] creating /home/qian/chapter3/install/demo_python_topic/share/ament_index/resource_index/packages
[0.464s] copying resource/demo_python_topic -> /home/qian/chapter3/install/demo_python_topic/share/ament_index/resource_index/packages
[0.464s] copying package.xml -> /home/qian/chapter3/install/demo_python_topic/share/demo_python_topic
[0.464s] running install_egg_info
[0.466s] Copying ../../../build/demo_python_topic/demo_python_topic.egg-info to /home/qian/chapter3/install/demo_python_topic/lib/python3.10/site-packages/demo_python_topic-0.0.0-py3.10.egg-info
[0.466s] running install_scripts
[0.479s] Installing novel_pub_node script to /home/qian/chapter3/install/demo_python_topic/lib/demo_python_topic
[0.480s] writing list of installed files to '/home/qian/chapter3/build/demo_python_topic/install.log'
[0.496s] Invoked command in '/home/qian/chapter3/topic_ws/src/demo_python_topic' returned '0': PYTHONPATH=/home/qian/chapter3/build/demo_python_topic/prefix_override:/usr/lib/python3/dist-packages/colcon_core/task/python/colcon_distutils_commands:/home/qian/chapter3/install/demo_python_topic/lib/python3.10/site-packages:${PYTHONPATH} /usr/bin/python3 -W ignore:setup.py install is deprecated -W ignore:easy_install command is deprecated setup.py egg_info --egg-base ../../../build/demo_python_topic build --build-base /home/qian/chapter3/build/demo_python_topic/build install --record /home/qian/chapter3/build/demo_python_topic/install.log --single-version-externally-managed install_data
